2025-06-25 15:50:11,489 [INFO] - Starting feature selection using Random Forest...
2025-06-25 15:50:11,676 [INFO] - Top 14 features:
Bilirubin        0.154413
Copper           0.154275
Age              0.113485
Prothrombin      0.109599
SGOT             0.090586
Albumin          0.067552
Platelets        0.067496
Cholesterol      0.062651
Alk_Phos         0.057295
Tryglicerides    0.056944
Stage            0.039781
Drug             0.017884
Ascites          0.008037
dtype: float64
2025-06-25 15:50:12,954 [INFO] - Feature importance plot saved to C:\Users\LENOVO\Downloads\Liver_Cirrhosis\graphs\top_14_features.png
2025-06-25 15:50:16,395 [INFO] - Selected features saved to C:\Users\LENOVO\Downloads\Liver_Cirrhosis\data\final\selected_features.txt
2025-06-25 15:55:36,134 [INFO] - Starting feature selection using Random Forest...
2025-06-25 15:55:36,145 [INFO] - Class distribution after SMOTE: {0: np.int64(240), 1: np.int64(240)}
2025-06-25 15:55:36,161 [INFO] - Balanced data saved to: C:\Users\LENOVO\Downloads\Liver_Cirrhosis\data\final\balanced_data.csv
2025-06-25 15:55:36,304 [INFO] - Top 14 features:
Bilirubin        0.200374
Copper           0.137325
Prothrombin      0.126610
Age              0.120010
SGOT             0.078992
Albumin          0.057327
Cholesterol      0.055090
Platelets        0.054667
Alk_Phos         0.053207
Tryglicerides    0.050621
Ascites          0.023789
Drug             0.023640
Stage            0.018349
dtype: float64
2025-06-25 15:55:36,683 [INFO] - Feature importance plot saved to C:\Users\LENOVO\Downloads\Liver_Cirrhosis\graphs\top_14_features.png
2025-06-25 15:55:41,369 [INFO] - Selected features saved to C:\Users\LENOVO\Downloads\Liver_Cirrhosis\data\final\selected_features.txt
2025-06-25 16:34:17,426 [INFO] - Starting feature selection using Random Forest...
2025-06-25 16:34:17,442 [INFO] - Class distribution after SMOTE: {0: np.int64(240), 1: np.int64(240)}
2025-06-25 16:34:17,457 [INFO] - Balanced data saved to: C:\Users\LENOVO\Downloads\Liver_Cirrhosis\data\final\balanced_data.csv
2025-06-25 16:34:17,616 [INFO] - Top 14 features:
Bilirubin        0.200374
Copper           0.137325
Prothrombin      0.126610
Age              0.120010
SGOT             0.078992
Albumin          0.057327
Cholesterol      0.055090
Platelets        0.054667
Alk_Phos         0.053207
Tryglicerides    0.050621
Ascites          0.023789
Drug             0.023640
Stage            0.018349
dtype: float64
2025-06-25 16:34:18,031 [INFO] - Feature importance plot saved to C:\Users\LENOVO\Downloads\Liver_Cirrhosis\graphs\top_14_features.png
2025-06-25 16:34:20,762 [INFO] - Selected features saved to C:\Users\LENOVO\Downloads\Liver_Cirrhosis\data\final\selected_features.txt
2025-06-25 16:35:18,208 [INFO] - Starting feature selection using Random Forest...
2025-06-25 16:35:18,225 [INFO] - Class distribution after SMOTE: {0: np.int64(240), 1: np.int64(240)}
2025-06-25 16:35:18,234 [INFO] - Balanced data saved to: C:\Users\LENOVO\Downloads\Liver_Cirrhosis\data\final\balanced_data.csv
2025-06-25 16:35:18,431 [INFO] - Top 14 features:
Bilirubin        0.200374
Copper           0.137325
Prothrombin      0.126610
Age              0.120010
SGOT             0.078992
Albumin          0.057327
Cholesterol      0.055090
Platelets        0.054667
Alk_Phos         0.053207
Tryglicerides    0.050621
Ascites          0.023789
Drug             0.023640
Stage            0.018349
dtype: float64
2025-06-25 16:35:18,717 [INFO] - Feature importance plot saved to C:\Users\LENOVO\Downloads\Liver_Cirrhosis\graphs\top_14_features.png
2025-06-25 16:35:21,497 [INFO] - Selected features saved to C:\Users\LENOVO\Downloads\Liver_Cirrhosis\data\final\selected_features.txt
2025-06-25 16:58:59,981 [INFO] - Starting feature selection using Random Forest...
2025-06-25 16:59:00,015 [INFO] - Class distribution after SMOTE: {0: np.int64(240), 1: np.int64(240)}
2025-06-25 16:59:00,098 [INFO] - Balanced data saved to: C:\Users\LENOVO\Downloads\Liver_Cirrhosis\data\final\balanced_data.csv
2025-06-25 16:59:00,457 [INFO] - Top 14 features:
Bilirubin        0.200374
Copper           0.137325
Prothrombin      0.126610
Age              0.120010
SGOT             0.078992
Albumin          0.057327
Cholesterol      0.055090
Platelets        0.054667
Alk_Phos         0.053207
Tryglicerides    0.050621
Ascites          0.023789
Drug             0.023640
Stage            0.018349
dtype: float64
2025-06-25 16:59:01,011 [INFO] - Feature importance plot saved to C:\Users\LENOVO\Downloads\Liver_Cirrhosis\graphs\feature_selection\top_14_features.png
2025-06-25 16:59:04,005 [INFO] - Selected features saved to C:\Users\LENOVO\Downloads\Liver_Cirrhosis\data\final\selected_features.txt
2025-06-25 17:21:17,779 [INFO] - Starting feature selection using Random Forest...
2025-06-25 17:21:17,822 [INFO] - Class distribution after SMOTE: {0: np.int64(240), 1: np.int64(240)}
2025-06-25 17:21:17,842 [INFO] - Balanced data saved to: C:\Users\LENOVO\Downloads\Liver_Cirrhosis\data\final\balanced_data.csv
2025-06-25 17:21:18,430 [INFO] - Top 14 features:
Bilirubin        0.200374
Copper           0.137325
Prothrombin      0.126610
Age              0.120010
SGOT             0.078992
Albumin          0.057327
Cholesterol      0.055090
Platelets        0.054667
Alk_Phos         0.053207
Tryglicerides    0.050621
Ascites          0.023789
Drug             0.023640
Stage            0.018349
dtype: float64
2025-06-25 17:21:19,372 [INFO] - Feature importance plot saved to C:\Users\LENOVO\Downloads\Liver_Cirrhosis\graphs\top_14_features.png
2025-06-25 17:21:21,700 [INFO] - Selected features saved to C:\Users\LENOVO\Downloads\Liver_Cirrhosis\data\final\selected_features.txt
2025-06-25 17:27:34,347 [INFO] - Starting feature selection using Random Forest...
2025-06-25 17:27:34,395 [INFO] - Class distribution after SMOTE: {0: np.int64(240), 1: np.int64(240)}
2025-06-25 17:27:34,414 [INFO] - Balanced data saved to: C:\Users\LENOVO\Downloads\Liver_Cirrhosis\data\final\balanced_data.csv
2025-06-25 17:27:34,886 [INFO] - Top 14 features:
Bilirubin        0.200374
Copper           0.137325
Prothrombin      0.126610
Age              0.120010
SGOT             0.078992
Albumin          0.057327
Cholesterol      0.055090
Platelets        0.054667
Alk_Phos         0.053207
Tryglicerides    0.050621
Ascites          0.023789
Drug             0.023640
Stage            0.018349
dtype: float64
2025-06-25 17:27:35,888 [INFO] - Feature importance plot saved to C:\Users\LENOVO\Downloads\Liver_Cirrhosis\graphs\feature_selection\top_14_features.png
2025-06-25 17:27:35,949 [INFO] - Selected features saved to C:\Users\LENOVO\Downloads\Liver_Cirrhosis\data\final\selected_features.txt
2025-06-25 23:17:47,470 [INFO] - Starting feature selection using Random Forest...
2025-06-25 23:17:47,498 [INFO] - Class distribution after SMOTE: {0: np.int64(240), 1: np.int64(240)}
2025-06-25 23:17:47,507 [INFO] - Balanced data saved to: C:\Users\LENOVO\Downloads\Liver_Cirrhosis\data\final\balanced_data.csv
2025-06-25 23:17:47,941 [INFO] - Top 14 features:
Bilirubin        0.200374
Copper           0.137325
Prothrombin      0.126610
Age              0.120010
SGOT             0.078992
Albumin          0.057327
Cholesterol      0.055090
Platelets        0.054667
Alk_Phos         0.053207
Tryglicerides    0.050621
Ascites          0.023789
Drug             0.023640
Stage            0.018349
dtype: float64
2025-06-25 23:17:50,683 [INFO] - Feature importance plot saved to C:\Users\LENOVO\Downloads\Liver_Cirrhosis\graphs\feature_selection\top_14_features.png
2025-06-25 23:17:50,718 [INFO] - Selected features saved to C:\Users\LENOVO\Downloads\Liver_Cirrhosis\data\final\selected_features.txt
2025-06-25 23:18:28,619 [INFO] - Starting feature selection using Random Forest...
2025-06-25 23:18:28,750 [INFO] - Class distribution after SMOTE: {0: np.int64(240), 1: np.int64(240)}
2025-06-25 23:18:28,783 [INFO] - Balanced data saved to: C:\Users\LENOVO\Downloads\Liver_Cirrhosis\data\final\balanced_data.csv
2025-06-25 23:18:29,336 [INFO] - Top 14 features:
Bilirubin        0.200374
Copper           0.137325
Prothrombin      0.126610
Age              0.120010
SGOT             0.078992
Albumin          0.057327
Cholesterol      0.055090
Platelets        0.054667
Alk_Phos         0.053207
Tryglicerides    0.050621
Ascites          0.023789
Drug             0.023640
Stage            0.018349
dtype: float64
2025-06-25 23:18:30,136 [INFO] - Feature importance plot saved to C:\Users\LENOVO\Downloads\Liver_Cirrhosis\graphs\feature_selection\top_14_features.png
2025-06-25 23:18:30,170 [INFO] - Selected features saved to C:\Users\LENOVO\Downloads\Liver_Cirrhosis\data\final\selected_features.txt
2025-06-25 23:22:47,444 [INFO] - Starting feature selection using Random Forest...
2025-06-25 23:22:47,495 [INFO] - Class distribution after SMOTE: {0: np.int64(240), 1: np.int64(240)}
2025-06-25 23:22:47,529 [INFO] - Balanced data saved to: C:\Users\LENOVO\Downloads\Liver_Cirrhosis\data\final\balanced_data.csv
2025-06-25 23:22:48,032 [INFO] - Top 14 features:
Bilirubin        0.200374
Copper           0.137325
Prothrombin      0.126610
Age              0.120010
SGOT             0.078992
Albumin          0.057327
Cholesterol      0.055090
Platelets        0.054667
Alk_Phos         0.053207
Tryglicerides    0.050621
Ascites          0.023789
Drug             0.023640
Stage            0.018349
dtype: float64
2025-06-25 23:22:48,812 [INFO] - Feature importance plot saved to C:\Users\LENOVO\Downloads\Liver_Cirrhosis\graphs\feature_selection\top_14_features.png
2025-06-25 23:22:48,863 [INFO] - Selected features saved to C:\Users\LENOVO\Downloads\Liver_Cirrhosis\data\final\selected_features.txt
2025-06-25 23:49:20,891 [INFO] - Starting feature selection using Random Forest...
2025-06-25 23:49:20,916 [INFO] - Class distribution after SMOTE: {0: np.int64(240), 1: np.int64(240)}
2025-06-25 23:49:20,924 [INFO] - Balanced data saved to: C:\Users\LENOVO\Downloads\Liver_Cirrhosis\data\final\balanced_data.csv
2025-06-25 23:49:21,463 [INFO] - Top 14 features:
Bilirubin        0.200374
Copper           0.137325
Prothrombin      0.126610
Age              0.120010
SGOT             0.078992
Albumin          0.057327
Cholesterol      0.055090
Platelets        0.054667
Alk_Phos         0.053207
Tryglicerides    0.050621
Ascites          0.023789
Drug             0.023640
Stage            0.018349
dtype: float64
2025-06-25 23:49:22,955 [INFO] - Feature importance plot saved to C:\Users\LENOVO\Downloads\Liver_Cirrhosis\graphs\feature_selection\top_14_features.png
2025-06-25 23:49:23,008 [INFO] - Selected features saved to C:\Users\LENOVO\Downloads\Liver_Cirrhosis\data\final\selected_features.txt
2025-06-25 23:57:39,683 [INFO] - Starting feature selection using Random Forest...
2025-06-25 23:57:39,714 [INFO] - Class distribution after SMOTE: {0: np.int64(240), 1: np.int64(240)}
2025-06-25 23:57:39,735 [INFO] - Balanced data saved to: C:\Users\LENOVO\Downloads\Liver_Cirrhosis\data\final\balanced_data.csv
2025-06-25 23:57:40,256 [INFO] - Top 14 features:
Bilirubin        0.200374
Copper           0.137325
Prothrombin      0.126610
Age              0.120010
SGOT             0.078992
Albumin          0.057327
Cholesterol      0.055090
Platelets        0.054667
Alk_Phos         0.053207
Tryglicerides    0.050621
Ascites          0.023789
Drug             0.023640
Stage            0.018349
dtype: float64
2025-06-25 23:57:41,387 [INFO] - Feature importance plot saved to C:\Users\LENOVO\Downloads\Liver_Cirrhosis\graphs\feature_selection\top_14_features.png
2025-06-25 23:57:41,471 [INFO] - Selected features saved to C:\Users\LENOVO\Downloads\Liver_Cirrhosis\data\final\selected_features.txt
2025-06-26 00:08:00,825 [INFO] - Starting feature selection using Random Forest...
2025-06-26 00:08:00,888 [INFO] - Class distribution after SMOTE: {0: np.int64(240), 1: np.int64(240)}
2025-06-26 00:08:00,928 [INFO] - Balanced data saved to: C:\Users\LENOVO\Downloads\Liver_Cirrhosis\data\final\balanced_data.csv
2025-06-26 00:08:02,110 [INFO] - Top 14 features:
Bilirubin        0.200374
Copper           0.137325
Prothrombin      0.126610
Age              0.120010
SGOT             0.078992
Albumin          0.057327
Cholesterol      0.055090
Platelets        0.054667
Alk_Phos         0.053207
Tryglicerides    0.050621
Ascites          0.023789
Drug             0.023640
Stage            0.018349
dtype: float64
2025-06-26 00:08:04,135 [INFO] - Feature importance plot saved to C:\Users\LENOVO\Downloads\Liver_Cirrhosis\graphs\feature_selection\top_14_features.png
2025-06-26 00:08:04,161 [INFO] - Selected features saved to C:\Users\LENOVO\Downloads\Liver_Cirrhosis\data\final\selected_features.txt
2025-06-26 07:30:28,187 [INFO] - Starting feature selection using Random Forest...
2025-06-26 07:30:28,207 [INFO] - Class distribution after SMOTE: {0: np.int64(240), 1: np.int64(240)}
2025-06-26 07:30:28,220 [INFO] - Balanced data saved to: C:\Users\LENOVO\Downloads\Liver_Cirrhosis\data\final\balanced_data.csv
2025-06-26 07:30:28,627 [INFO] - Top 14 features:
Bilirubin        0.200374
Copper           0.137325
Prothrombin      0.126610
Age              0.120010
SGOT             0.078992
Albumin          0.057327
Cholesterol      0.055090
Platelets        0.054667
Alk_Phos         0.053207
Tryglicerides    0.050621
Ascites          0.023789
Drug             0.023640
Stage            0.018349
dtype: float64
2025-06-26 07:30:29,495 [INFO] - Feature importance plot saved to C:\Users\LENOVO\Downloads\Liver_Cirrhosis\graphs\feature_selection\top_14_features.png
2025-06-26 07:30:29,522 [INFO] - Selected features saved to C:\Users\LENOVO\Downloads\Liver_Cirrhosis\data\final\selected_features.txt
2025-06-26 07:39:19,784 [INFO] - Starting feature selection using Random Forest...
2025-06-26 07:39:19,801 [INFO] - Class distribution after SMOTE: {0: np.int64(240), 1: np.int64(240)}
2025-06-26 07:39:19,812 [INFO] - Balanced data saved to: C:\Users\LENOVO\Downloads\Liver_Cirrhosis\data\final\balanced_data.csv
2025-06-26 07:39:20,218 [INFO] - Top 14 features:
Bilirubin        0.200374
Copper           0.137325
Prothrombin      0.126610
Age              0.120010
SGOT             0.078992
Albumin          0.057327
Cholesterol      0.055090
Platelets        0.054667
Alk_Phos         0.053207
Tryglicerides    0.050621
Ascites          0.023789
Drug             0.023640
Stage            0.018349
dtype: float64
2025-06-26 07:39:21,195 [INFO] - Feature importance plot saved to C:\Users\LENOVO\Downloads\Liver_Cirrhosis\graphs\feature_selection\top_14_features.png
2025-06-26 07:39:21,226 [INFO] - Selected features saved to C:\Users\LENOVO\Downloads\Liver_Cirrhosis\data\final\selected_features.txt
2025-06-26 10:36:50,501 [INFO] - Starting feature selection using Random Forest...
2025-06-26 10:36:50,533 [INFO] - Class distribution after SMOTE: {0: 240, 1: 240}
2025-06-26 10:36:50,571 [INFO] - Balanced data saved to: C:\Users\LENOVO\Downloads\Liver_Cirrhosis\data\final\balanced_data.csv
2025-06-26 10:36:51,192 [INFO] - Top 13 features:
Bilirubin        0.200374
Copper           0.137325
Prothrombin      0.126610
Age              0.120010
SGOT             0.078992
Albumin          0.057327
Cholesterol      0.055090
Platelets        0.054667
Alk_Phos         0.053207
Tryglicerides    0.050621
Ascites          0.023789
Drug             0.023640
Stage            0.018349
dtype: float64
2025-06-26 10:36:52,269 [INFO] - Feature importance plot saved to C:\Users\LENOVO\Downloads\Liver_Cirrhosis\graphs\feature_selection\top_13_features.png
2025-06-26 10:36:52,404 [INFO] - Selected features saved to C:\Users\LENOVO\Downloads\Liver_Cirrhosis\data\final\selected_features.txt
2025-06-26 10:39:41,650 [INFO] - Starting feature selection using Random Forest...
2025-06-26 10:39:41,675 [INFO] - Class distribution after SMOTE: {0: 240, 1: 240}
2025-06-26 10:39:41,683 [INFO] - Balanced data saved to: C:\Users\LENOVO\Downloads\Liver_Cirrhosis\data\final\balanced_data.csv
2025-06-26 10:39:41,916 [INFO] - Top 13 features:
Bilirubin        0.200374
Copper           0.137325
Prothrombin      0.126610
Age              0.120010
SGOT             0.078992
Albumin          0.057327
Cholesterol      0.055090
Platelets        0.054667
Alk_Phos         0.053207
Tryglicerides    0.050621
Ascites          0.023789
Drug             0.023640
Stage            0.018349
dtype: float64
2025-06-26 10:39:42,649 [INFO] - Feature importance plot saved to C:\Users\LENOVO\Downloads\Liver_Cirrhosis\graphs\feature_selection\top_13_features.png
2025-06-26 10:39:42,667 [INFO] - Selected features saved to C:\Users\LENOVO\Downloads\Liver_Cirrhosis\data\final\selected_features.txt
2025-06-26 10:41:53,510 [INFO] - Starting feature selection using Random Forest...
2025-06-26 10:41:53,532 [INFO] - Class distribution after SMOTE: {0: 240, 1: 240}
2025-06-26 10:41:53,543 [INFO] - Balanced data saved to: C:\Users\LENOVO\Downloads\Liver_Cirrhosis\data\final\balanced_data.csv
2025-06-26 10:41:53,826 [INFO] - Top 13 features:
Bilirubin        0.200374
Copper           0.137325
Prothrombin      0.126610
Age              0.120010
SGOT             0.078992
Albumin          0.057327
Cholesterol      0.055090
Platelets        0.054667
Alk_Phos         0.053207
Tryglicerides    0.050621
Ascites          0.023789
Drug             0.023640
Stage            0.018349
dtype: float64
2025-06-26 10:41:55,299 [INFO] - Feature importance plot saved to C:\Users\LENOVO\Downloads\Liver_Cirrhosis\graphs\feature_selection\top_13_features.png
2025-06-26 10:41:55,348 [INFO] - Selected features saved to C:\Users\LENOVO\Downloads\Liver_Cirrhosis\data\final\selected_features.txt
2025-06-26 10:55:59,995 [INFO] - Starting feature selection using Random Forest...
2025-06-26 10:56:00,074 [INFO] - Class distribution after SMOTE: {0: 240, 1: 240}
2025-06-26 10:56:00,126 [INFO] - Balanced data saved to: C:\Users\LENOVO\Downloads\Liver_Cirrhosis\data\final\balanced_data.csv
2025-06-26 10:56:00,521 [INFO] - Top 13 features:
Bilirubin        0.200374
Copper           0.137325
Prothrombin      0.126610
Age              0.120010
SGOT             0.078992
Albumin          0.057327
Cholesterol      0.055090
Platelets        0.054667
Alk_Phos         0.053207
Tryglicerides    0.050621
Ascites          0.023789
Drug             0.023640
Stage            0.018349
dtype: float64
2025-06-26 10:56:01,266 [INFO] - Feature importance plot saved to C:\Users\LENOVO\Downloads\Liver_Cirrhosis\graphs\feature_selection\top_13_features.png
2025-06-26 10:56:01,306 [INFO] - Selected features saved to C:\Users\LENOVO\Downloads\Liver_Cirrhosis\data\final\selected_features.txt
