2025-06-25 16:02:13,630 - INFO - Loaded data from C:\Users\LENOVO\Downloads\Liver_Cirrhosis\data\final\balanced_data.csv with shape (480, 14)
2025-06-25 16:02:13,643 - INFO - Training LogisticRegression...
2025-06-25 16:02:17,275 - INFO - Saved LogisticRegression to C:\Users\LENOVO\Downloads\Liver_Cirrhosis\models\LogisticRegression_best.pkl
2025-06-25 16:02:17,277 - INFO - Training RandomForest...
2025-06-25 16:02:40,066 - INFO - Saved RandomForest to C:\Users\LENOVO\Downloads\Liver_Cirrhosis\models\RandomForest_best.pkl
2025-06-25 16:02:40,066 - INFO - Training SVM...
2025-06-25 16:02:41,572 - INFO - Saved SVM to C:\Users\LENOVO\Downloads\Liver_Cirrhosis\models\SVM_best.pkl
2025-06-25 16:02:41,572 - INFO - Training KNN...
2025-06-25 16:02:41,974 - INFO - Saved KNN to C:\Users\LENOVO\Downloads\Liver_Cirrhosis\models\KNN_best.pkl
2025-06-25 16:02:41,974 - INFO - Training GradientBoosting...
2025-06-25 16:03:25,688 - INFO - Saved GradientBoosting to C:\Users\LENOVO\Downloads\Liver_Cirrhosis\models\GradientBoosting_best.pkl
2025-06-25 16:35:24,349 - INFO - Loaded data with shape (480, 14)
2025-06-25 16:35:24,358 - INFO - Training LogisticRegression...
2025-06-25 16:35:28,240 - INFO - Training RandomForest...
2025-06-25 16:35:47,269 - INFO - Training SVM...
2025-06-25 16:35:50,943 - INFO - Training KNN...
2025-06-25 16:35:52,054 - INFO - Training GradientBoosting...
2025-06-25 16:38:41,933 - INFO - Loaded data with shape (480, 14)
2025-06-25 16:38:41,933 - INFO - Training LogisticRegression...
2025-06-25 16:38:48,850 - INFO - Saved LogisticRegression model to C:\Users\LENOVO\Downloads\Liver_Cirrhosis\models\LogisticRegression_best.pkl
2025-06-25 16:38:48,879 - INFO - Training RandomForest...
2025-06-25 16:39:44,778 - INFO - Saved RandomForest model to C:\Users\LENOVO\Downloads\Liver_Cirrhosis\models\RandomForest_best.pkl
2025-06-25 16:39:44,784 - INFO - Training SVM...
2025-06-25 16:39:50,722 - INFO - Saved SVM model to C:\Users\LENOVO\Downloads\Liver_Cirrhosis\models\SVM_best.pkl
2025-06-25 16:39:50,727 - INFO - Training KNN...
2025-06-25 16:39:51,397 - INFO - Saved KNN model to C:\Users\LENOVO\Downloads\Liver_Cirrhosis\models\KNN_best.pkl
2025-06-25 16:39:51,397 - INFO - Training GradientBoosting...
2025-06-25 16:40:53,163 - INFO - Saved GradientBoosting model to C:\Users\LENOVO\Downloads\Liver_Cirrhosis\models\GradientBoosting_best.pkl
2025-06-25 23:18:37,020 - INFO - Loaded data with shape (480, 14)
2025-06-25 23:18:37,027 - INFO - Training LogisticRegression...
2025-06-25 23:18:43,339 - INFO - Saved LogisticRegression model to C:\Users\LENOVO\Downloads\Liver_Cirrhosis\models\LogisticRegression_best.pkl
2025-06-25 23:18:43,356 - INFO - Training RandomForest...
2025-06-25 23:19:20,581 - INFO - Saved RandomForest model to C:\Users\LENOVO\Downloads\Liver_Cirrhosis\models\RandomForest_best.pkl
2025-06-25 23:19:20,582 - INFO - Training SVM...
2025-06-25 23:19:22,993 - INFO - Saved SVM model to C:\Users\LENOVO\Downloads\Liver_Cirrhosis\models\SVM_best.pkl
2025-06-25 23:19:23,023 - INFO - Training KNN...
2025-06-25 23:19:23,561 - INFO - Saved KNN model to C:\Users\LENOVO\Downloads\Liver_Cirrhosis\models\KNN_best.pkl
2025-06-25 23:19:23,562 - INFO - Training GradientBoosting...
2025-06-25 23:21:43,538 - INFO - Saved GradientBoosting model to C:\Users\LENOVO\Downloads\Liver_Cirrhosis\models\GradientBoosting_best.pkl
2025-06-25 23:22:56,429 - INFO - Loaded data with shape (480, 14)
2025-06-25 23:22:56,443 - INFO - Training LogisticRegression...
2025-06-25 23:23:04,520 - INFO - Saved LogisticRegression model to C:\Users\LENOVO\Downloads\Liver_Cirrhosis\models\LogisticRegression_best.pkl
2025-06-25 23:23:04,520 - INFO - Training RandomForest...
2025-06-25 23:49:40,412 - INFO - Loaded data with shape (480, 14)
2025-06-25 23:49:40,455 - INFO - Training LogisticRegression...
2025-06-25 23:50:13,166 - INFO - Saved LogisticRegression model to C:\Users\LENOVO\Downloads\Liver_Cirrhosis\models\LogisticRegression_best.pkl
2025-06-25 23:50:13,169 - INFO - Training RandomForest...
2025-06-25 23:51:32,613 - INFO - Saved RandomForest model to C:\Users\LENOVO\Downloads\Liver_Cirrhosis\models\RandomForest_best.pkl
2025-06-25 23:51:32,613 - INFO - Training SVM...
2025-06-25 23:51:36,166 - INFO - Saved SVM model to C:\Users\LENOVO\Downloads\Liver_Cirrhosis\models\SVM_best.pkl
2025-06-25 23:51:36,192 - INFO - Training KNN...
2025-06-25 23:51:37,131 - INFO - Saved KNN model to C:\Users\LENOVO\Downloads\Liver_Cirrhosis\models\KNN_best.pkl
2025-06-25 23:51:37,131 - INFO - Training GradientBoosting...
2025-06-25 23:53:33,129 - INFO - Saved GradientBoosting model to C:\Users\LENOVO\Downloads\Liver_Cirrhosis\models\GradientBoosting_best.pkl
2025-06-25 23:57:59,678 - INFO - Loaded data with shape (480, 14)
2025-06-25 23:57:59,795 - INFO - Training LogisticRegression...
2025-06-25 23:58:28,855 - INFO - Saved LogisticRegression model to C:\Users\LENOVO\Downloads\Liver_Cirrhosis\models\LogisticRegression_best.pkl
2025-06-25 23:58:28,885 - INFO - Training RandomForest...
2025-06-25 23:59:45,856 - INFO - Saved RandomForest model to C:\Users\LENOVO\Downloads\Liver_Cirrhosis\models\RandomForest_best.pkl
2025-06-25 23:59:45,866 - INFO - Training SVM...
2025-06-25 23:59:49,747 - INFO - Saved SVM model to C:\Users\LENOVO\Downloads\Liver_Cirrhosis\models\SVM_best.pkl
2025-06-25 23:59:49,751 - INFO - Training KNN...
2025-06-25 23:59:50,736 - INFO - Saved KNN model to C:\Users\LENOVO\Downloads\Liver_Cirrhosis\models\KNN_best.pkl
2025-06-25 23:59:50,744 - INFO - Training GradientBoosting...
2025-06-26 00:02:07,380 - INFO - Saved GradientBoosting model to C:\Users\LENOVO\Downloads\Liver_Cirrhosis\models\GradientBoosting_best.pkl
2025-06-26 00:08:16,509 - INFO - Loaded data with shape (480, 14)
2025-06-26 00:08:16,526 - INFO - Training LogisticRegression...
2025-06-26 00:08:27,062 - INFO - Saved LogisticRegression model to C:\Users\LENOVO\Downloads\Liver_Cirrhosis\models\LogisticRegression_best.pkl
2025-06-26 00:08:27,062 - INFO - Training RandomForest...
2025-06-26 00:09:39,055 - INFO - Saved RandomForest model to C:\Users\LENOVO\Downloads\Liver_Cirrhosis\models\RandomForest_best.pkl
2025-06-26 00:09:39,059 - INFO - Training SVM...
2025-06-26 00:09:43,127 - INFO - Saved SVM model to C:\Users\LENOVO\Downloads\Liver_Cirrhosis\models\SVM_best.pkl
2025-06-26 00:09:43,129 - INFO - Training KNN...
2025-06-26 00:09:44,174 - INFO - Saved KNN model to C:\Users\LENOVO\Downloads\Liver_Cirrhosis\models\KNN_best.pkl
2025-06-26 00:09:44,178 - INFO - Training GradientBoosting...
2025-06-26 00:12:10,771 - INFO - Saved GradientBoosting model to C:\Users\LENOVO\Downloads\Liver_Cirrhosis\models\GradientBoosting_best.pkl
